PREHOOK: query: EXPLAIN
SELECT src1.key, src1.key + 1, src2.value
       FROM src src1 join src src2 ON src1.key = src2.key AND src1.key = 100
PREHOOK: type: QUERY
POSTHOOK: query: EXPLAIN
SELECT src1.key, src1.key + 1, src2.value
       FROM src src1 join src src2 ON src1.key = src2.key AND src1.key = 100
POSTHOOK: type: QUERY
STAGE DEPENDENCIES:
  Stage-1 is a root stage
  Stage-0 depends on stages: Stage-1

STAGE PLANS:
  Stage: Stage-1
    Map Reduce
      Map Operator Tree:
          TableScan
            alias: src2
            Statistics: Num rows: 500 Data size: 5312 Basic stats: COMPLETE Column stats: NONE
            Filter Operator
              predicate: (key = 100) (type: boolean)
              Statistics: Num rows: 250 Data size: 2656 Basic stats: COMPLETE Column stats: NONE
              Reduce Output Operator
                key expressions: '100' (type: string)
                sort order: +
                Map-reduce partition columns: '100' (type: string)
                Statistics: Num rows: 250 Data size: 2656 Basic stats: COMPLETE Column stats: NONE
                value expressions: value (type: string)
          TableScan
            alias: src1
            Statistics: Num rows: 500 Data size: 5312 Basic stats: COMPLETE Column stats: NONE
            Filter Operator
              predicate: (key = 100) (type: boolean)
              Statistics: Num rows: 250 Data size: 2656 Basic stats: COMPLETE Column stats: NONE
              Reduce Output Operator
                key expressions: '100' (type: string)
                sort order: +
                Map-reduce partition columns: '100' (type: string)
                Statistics: Num rows: 250 Data size: 2656 Basic stats: COMPLETE Column stats: NONE
      Reduce Operator Tree:
        Join Operator
          condition map:
               Inner Join 0 to 1
          condition expressions:
            0 
            1 {VALUE._col0}
          outputColumnNames: _col6
          Statistics: Num rows: 275 Data size: 2921 Basic stats: COMPLETE Column stats: NONE
          Select Operator
            expressions: '100' (type: string), 101.0 (type: double), _col6 (type: string)
            outputColumnNames: _col0, _col1, _col2
            Statistics: Num rows: 275 Data size: 2921 Basic stats: COMPLETE Column stats: NONE
            File Output Operator
              compressed: false
              Statistics: Num rows: 275 Data size: 2921 Basic stats: COMPLETE Column stats: NONE
              table:
                  input format: org.apache.hadoop.mapred.TextInputFormat
                  output format: org.apache.hadoop.hive.ql.io.HiveIgnoreKeyTextOutputFormat
                  serde: org.apache.hadoop.hive.serde2.lazy.LazySimpleSerDe

  Stage: Stage-0
    Fetch Operator
      limit: -1
      Processor Tree:
        ListSink

PREHOOK: query: SELECT src1.key, src1.key + 1, src2.value
       FROM src src1 join src src2 ON src1.key = src2.key AND src1.key = 100
PREHOOK: type: QUERY
PREHOOK: Input: default@src
#### A masked pattern was here ####
POSTHOOK: query: SELECT src1.key, src1.key + 1, src2.value
       FROM src src1 join src src2 ON src1.key = src2.key AND src1.key = 100
POSTHOOK: type: QUERY
POSTHOOK: Input: default@src
#### A masked pattern was here ####
100	101.0	val_100
100	101.0	val_100
100	101.0	val_100
100	101.0	val_100
